2025-05-05 20:24:08,447 - INFO - Starting preprocessing script...
2025-05-05 20:24:09,640 - INFO - Loading dataset...
2025-05-05 20:29:21,592 - INFO - Starting preprocessing script...
2025-05-05 20:29:22,652 - INFO - Loading dataset...
2025-05-05 20:29:23,549 - INFO - Features selected and NaN values dropped.(4377, 5)
2025-05-05 20:32:58,925 - INFO - Starting preprocessing script...
2025-05-05 20:33:00,061 - INFO - Loading dataset...
2025-05-05 20:33:00,524 - INFO - ✅ Dataset loaded successfully.
2025-05-05 20:33:00,545 - INFO - Features selected and NaN values dropped.(4377, 5)
2025-05-05 20:33:01,231 - INFO - Text ✅ preprocessing completed.
2025-05-05 20:37:32,853 - INFO - Starting preprocessing script...
2025-05-05 20:37:33,877 - INFO - Loading dataset...
2025-05-05 20:37:34,313 - INFO - ✅ Dataset loaded successfully.
2025-05-05 20:37:34,327 - INFO - Features selected and NaN values dropped.(4377, 5)
2025-05-05 20:37:34,992 - INFO - Text ✅ preprocessing completed.
2025-05-05 20:37:34,992 - INFO - Vectorizing 📉 text data...
2025-05-05 20:37:35,266 - INFO - ✅ Vectorization completed.
2025-05-05 20:37:35,266 - INFO - Calculating cosine similarity...
2025-05-05 20:37:35,672 - INFO - ✅ Cosine similarity calculated.
2025-05-05 20:37:36,052 - INFO - Model and vectorizer saved successfully.
2025-05-05 20:37:36,052 - INFO - Preprocessing script completed successfully.
